<?xml version="1.0" encoding="UTF-8"?>
<testsuite name="group.loacon.web.WebRestControllerTest" tests="1" skipped="0" failures="0" errors="0" timestamp="2022-11-24T09:38:55" hostname="Macintosh.local" time="0.77">
  <properties/>
  <testcase name="Profile확인()" classname="group.loacon.web.WebRestControllerTest" time="0.77"/>
  <system-out><![CDATA[18:38:50.974 [Test worker] DEBUG org.springframework.test.context.BootstrapUtils - Instantiating CacheAwareContextLoaderDelegate from class [org.springframework.test.context.cache.DefaultCacheAwareContextLoaderDelegate]
18:38:51.006 [Test worker] DEBUG org.springframework.test.context.BootstrapUtils - Instantiating BootstrapContext using constructor [public org.springframework.test.context.support.DefaultBootstrapContext(java.lang.Class,org.springframework.test.context.CacheAwareContextLoaderDelegate)]
18:38:51.052 [Test worker] DEBUG org.springframework.test.context.BootstrapUtils - Instantiating TestContextBootstrapper for test class [group.loacon.web.WebRestControllerTest] from class [org.springframework.boot.test.context.SpringBootTestContextBootstrapper]
18:38:51.065 [Test worker] INFO org.springframework.boot.test.context.SpringBootTestContextBootstrapper - Neither @ContextConfiguration nor @ContextHierarchy found for test class [group.loacon.web.WebRestControllerTest], using SpringBootContextLoader
18:38:51.075 [Test worker] DEBUG org.springframework.test.context.support.AbstractContextLoader - Did not detect default resource location for test class [group.loacon.web.WebRestControllerTest]: class path resource [group/loacon/web/WebRestControllerTest-context.xml] does not exist
18:38:51.075 [Test worker] DEBUG org.springframework.test.context.support.AbstractContextLoader - Did not detect default resource location for test class [group.loacon.web.WebRestControllerTest]: class path resource [group/loacon/web/WebRestControllerTestContext.groovy] does not exist
18:38:51.076 [Test worker] INFO org.springframework.test.context.support.AbstractContextLoader - Could not detect default resource locations for test class [group.loacon.web.WebRestControllerTest]: no resource found for suffixes {-context.xml, Context.groovy}.
18:38:51.077 [Test worker] INFO org.springframework.test.context.support.AnnotationConfigContextLoaderUtils - Could not detect default configuration classes for test class [group.loacon.web.WebRestControllerTest]: WebRestControllerTest does not declare any static, non-private, non-final, nested classes annotated with @Configuration.
18:38:51.139 [Test worker] DEBUG org.springframework.test.context.support.ActiveProfilesUtils - Could not find an 'annotation declaring class' for annotation type [org.springframework.test.context.ActiveProfiles] and class [group.loacon.web.WebRestControllerTest]
18:38:51.270 [Test worker] DEBUG org.springframework.context.annotation.ClassPathScanningCandidateComponentProvider - Identified candidate component class: file [/Users/sohyunpark/git/loacon/build/classes/java/main/group/loacon/LoaconApplication.class]
18:38:51.278 [Test worker] INFO org.springframework.boot.test.context.SpringBootTestContextBootstrapper - Found @SpringBootConfiguration group.loacon.LoaconApplication for test class group.loacon.web.WebRestControllerTest
18:38:51.370 [Test worker] DEBUG org.springframework.boot.test.context.SpringBootTestContextBootstrapper - @TestExecutionListeners is not present for class [group.loacon.web.WebRestControllerTest]: using defaults.
18:38:51.371 [Test worker] INFO org.springframework.boot.test.context.SpringBootTestContextBootstrapper - Loaded default TestExecutionListener class names from location [META-INF/spring.factories]: [org.springframework.boot.test.autoconfigure.restdocs.RestDocsTestExecutionListener, org.springframework.boot.test.autoconfigure.web.client.MockRestServiceServerResetTestExecutionListener, org.springframework.boot.test.autoconfigure.web.servlet.MockMvcPrintOnlyOnFailureTestExecutionListener, org.springframework.boot.test.autoconfigure.web.servlet.WebDriverTestExecutionListener, org.springframework.boot.test.autoconfigure.webservices.client.MockWebServiceServerTestExecutionListener, org.springframework.boot.test.mock.mockito.MockitoTestExecutionListener, org.springframework.boot.test.mock.mockito.ResetMocksTestExecutionListener, org.springframework.test.context.web.ServletTestExecutionListener, org.springframework.test.context.support.DirtiesContextBeforeModesTestExecutionListener, org.springframework.test.context.event.ApplicationEventsTestExecutionListener, org.springframework.test.context.support.DependencyInjectionTestExecutionListener, org.springframework.test.context.support.DirtiesContextTestExecutionListener, org.springframework.test.context.transaction.TransactionalTestExecutionListener, org.springframework.test.context.jdbc.SqlScriptsTestExecutionListener, org.springframework.test.context.event.EventPublishingTestExecutionListener]
18:38:51.385 [Test worker] DEBUG org.springframework.boot.test.context.SpringBootTestContextBootstrapper - Skipping candidate TestExecutionListener [org.springframework.test.context.transaction.TransactionalTestExecutionListener] due to a missing dependency. Specify custom listener classes or make the default listener classes and their required dependencies available. Offending class: [org/springframework/transaction/interceptor/TransactionAttributeSource]
18:38:51.386 [Test worker] DEBUG org.springframework.boot.test.context.SpringBootTestContextBootstrapper - Skipping candidate TestExecutionListener [org.springframework.test.context.jdbc.SqlScriptsTestExecutionListener] due to a missing dependency. Specify custom listener classes or make the default listener classes and their required dependencies available. Offending class: [org/springframework/transaction/interceptor/TransactionAttribute]
18:38:51.386 [Test worker] INFO org.springframework.boot.test.context.SpringBootTestContextBootstrapper - Using TestExecutionListeners: [org.springframework.test.context.web.ServletTestExecutionListener@160ac7fb, org.springframework.test.context.support.DirtiesContextBeforeModesTestExecutionListener@12bfd80d, org.springframework.test.context.event.ApplicationEventsTestExecutionListener@41925502, org.springframework.boot.test.mock.mockito.MockitoTestExecutionListener@13e3c1c7, org.springframework.boot.test.autoconfigure.SpringBootDependencyInjectionTestExecutionListener@5316e95f, org.springframework.test.context.support.DirtiesContextTestExecutionListener@3f053c80, org.springframework.test.context.event.EventPublishingTestExecutionListener@6c6c5427, org.springframework.boot.test.autoconfigure.restdocs.RestDocsTestExecutionListener@618c5d94, org.springframework.boot.test.autoconfigure.web.client.MockRestServiceServerResetTestExecutionListener@5b40ceb, org.springframework.boot.test.autoconfigure.web.servlet.MockMvcPrintOnlyOnFailureTestExecutionListener@13c3c1e1, org.springframework.boot.test.autoconfigure.web.servlet.WebDriverTestExecutionListener@1d8062d2, org.springframework.boot.test.autoconfigure.webservices.client.MockWebServiceServerTestExecutionListener@1e63ec0b, org.springframework.boot.test.mock.mockito.ResetMocksTestExecutionListener@3b956878]
18:38:51.391 [Test worker] DEBUG org.springframework.test.context.support.AbstractDirtiesContextTestExecutionListener - Before test class: context [DefaultTestContext@5827af16 testClass = WebRestControllerTest, testInstance = [null], testMethod = [null], testException = [null], mergedContextConfiguration = [WebMergedContextConfiguration@654d8173 testClass = WebRestControllerTest, locations = '{}', classes = '{class group.loacon.LoaconApplication}', contextInitializerClasses = '[]', activeProfiles = '{}', propertySourceLocations = '{}', propertySourceProperties = '{org.springframework.boot.test.context.SpringBootTestContextBootstrapper=true, server.port=0}', contextCustomizers = set[org.springframework.boot.test.autoconfigure.actuate.metrics.MetricsExportContextCustomizerFactory$DisableMetricExportContextCustomizer@36cda2c2, org.springframework.boot.test.autoconfigure.properties.PropertyMappingContextCustomizer@0, org.springframework.boot.test.autoconfigure.web.servlet.WebDriverContextCustomizerFactory$Customizer@479460a6, org.springframework.boot.test.context.filter.ExcludeFilterContextCustomizer@68702e03, org.springframework.boot.test.json.DuplicateJsonObjectContextCustomizerFactory$DuplicateJsonObjectContextCustomizer@338c99c8, org.springframework.boot.test.mock.mockito.MockitoContextCustomizer@0, org.springframework.boot.test.web.client.TestRestTemplateContextCustomizer@60129b9a, org.springframework.boot.test.context.SpringBootTestArgs@1, org.springframework.boot.test.context.SpringBootTestWebEnvironment@c86b9e3], resourceBasePath = 'src/main/webapp', contextLoader = 'org.springframework.boot.test.context.SpringBootContextLoader', parent = [null]], attributes = map['org.springframework.test.context.web.ServletTestExecutionListener.activateListener' -> false]], class annotated with @DirtiesContext [false] with mode [null].
18:38:51.409 [Test worker] DEBUG org.springframework.test.context.support.DependencyInjectionTestExecutionListener - Performing dependency injection for test context [[DefaultTestContext@5827af16 testClass = WebRestControllerTest, testInstance = group.loacon.web.WebRestControllerTest@6cbcf243, testMethod = [null], testException = [null], mergedContextConfiguration = [WebMergedContextConfiguration@654d8173 testClass = WebRestControllerTest, locations = '{}', classes = '{class group.loacon.LoaconApplication}', contextInitializerClasses = '[]', activeProfiles = '{}', propertySourceLocations = '{}', propertySourceProperties = '{org.springframework.boot.test.context.SpringBootTestContextBootstrapper=true, server.port=0}', contextCustomizers = set[org.springframework.boot.test.autoconfigure.actuate.metrics.MetricsExportContextCustomizerFactory$DisableMetricExportContextCustomizer@36cda2c2, org.springframework.boot.test.autoconfigure.properties.PropertyMappingContextCustomizer@0, org.springframework.boot.test.autoconfigure.web.servlet.WebDriverContextCustomizerFactory$Customizer@479460a6, org.springframework.boot.test.context.filter.ExcludeFilterContextCustomizer@68702e03, org.springframework.boot.test.json.DuplicateJsonObjectContextCustomizerFactory$DuplicateJsonObjectContextCustomizer@338c99c8, org.springframework.boot.test.mock.mockito.MockitoContextCustomizer@0, org.springframework.boot.test.web.client.TestRestTemplateContextCustomizer@60129b9a, org.springframework.boot.test.context.SpringBootTestArgs@1, org.springframework.boot.test.context.SpringBootTestWebEnvironment@c86b9e3], resourceBasePath = 'src/main/webapp', contextLoader = 'org.springframework.boot.test.context.SpringBootContextLoader', parent = [null]], attributes = map['org.springframework.test.context.web.ServletTestExecutionListener.activateListener' -> false, 'org.springframework.test.context.event.ApplicationEventsTestExecutionListener.recordApplicationEvents' -> false]]].

  .   ____          _            __ _ _
 /\\ / ___'_ __ _ _(_)_ __  __ _ \ \ \ \
( ( )\___ | '_ | '_| | '_ \/ _` | \ \ \ \
 \\/  ___)| |_)| | | | | || (_| |  ) ) ) )
  '  |____| .__|_| |_|_| |_\__, | / / / /
 =========|_|==============|___/=/_/_/_/
?[32m :: Spring Boot :: ?[39m              ?[2m (v2.7.5)?[0;39m

?[2m2022-11-24 18:38:52.102?[0;39m ?[32m INFO?[0;39m ?[35m60390?[0;39m ?[2m---?[0;39m ?[2m[    Test worker]?[0;39m ?[36mgroup.loacon.web.WebRestControllerTest  ?[0;39m ?[2m:?[0;39m Starting WebRestControllerTest using Java 14.0.2 on Macintosh.local with PID 60390 (started by sohyunpark in /Users/sohyunpark/git/loacon)
?[2m2022-11-24 18:38:52.103?[0;39m ?[32mDEBUG?[0;39m ?[35m60390?[0;39m ?[2m---?[0;39m ?[2m[    Test worker]?[0;39m ?[36mgroup.loacon.web.WebRestControllerTest  ?[0;39m ?[2m:?[0;39m Running with Spring Boot v2.7.5, Spring v5.3.23
?[2m2022-11-24 18:38:52.103?[0;39m ?[32m INFO?[0;39m ?[35m60390?[0;39m ?[2m---?[0;39m ?[2m[    Test worker]?[0;39m ?[36mgroup.loacon.web.WebRestControllerTest  ?[0;39m ?[2m:?[0;39m The following 1 profile is active: "local"
?[2m2022-11-24 18:38:53.795?[0;39m ?[32m INFO?[0;39m ?[35m60390?[0;39m ?[2m---?[0;39m ?[2m[    Test worker]?[0;39m ?[36mo.s.b.w.embedded.tomcat.TomcatWebServer ?[0;39m ?[2m:?[0;39m Tomcat initialized with port(s): 0 (http)
?[2m2022-11-24 18:38:53.806?[0;39m ?[32m INFO?[0;39m ?[35m60390?[0;39m ?[2m---?[0;39m ?[2m[    Test worker]?[0;39m ?[36mo.apache.catalina.core.StandardService  ?[0;39m ?[2m:?[0;39m Starting service [Tomcat]
?[2m2022-11-24 18:38:53.807?[0;39m ?[32m INFO?[0;39m ?[35m60390?[0;39m ?[2m---?[0;39m ?[2m[    Test worker]?[0;39m ?[36morg.apache.catalina.core.StandardEngine ?[0;39m ?[2m:?[0;39m Starting Servlet engine: [Apache Tomcat/9.0.68]
?[2m2022-11-24 18:38:53.933?[0;39m ?[32m INFO?[0;39m ?[35m60390?[0;39m ?[2m---?[0;39m ?[2m[    Test worker]?[0;39m ?[36mo.a.c.c.C.[Tomcat].[localhost].[/]      ?[0;39m ?[2m:?[0;39m Initializing Spring embedded WebApplicationContext
?[2m2022-11-24 18:38:53.934?[0;39m ?[32m INFO?[0;39m ?[35m60390?[0;39m ?[2m---?[0;39m ?[2m[    Test worker]?[0;39m ?[36mw.s.c.ServletWebServerApplicationContext?[0;39m ?[2m:?[0;39m Root WebApplicationContext: initialization completed in 1781 ms
?[2m2022-11-24 18:38:54.566?[0;39m ?[32m INFO?[0;39m ?[35m60390?[0;39m ?[2m---?[0;39m ?[2m[    Test worker]?[0;39m ?[36mo.s.b.a.w.s.WelcomePageHandlerMapping   ?[0;39m ?[2m:?[0;39m Adding welcome page: class path resource [static/index.html]
?[2m2022-11-24 18:38:55.039?[0;39m ?[32m INFO?[0;39m ?[35m60390?[0;39m ?[2m---?[0;39m ?[2m[    Test worker]?[0;39m ?[36mo.s.b.w.embedded.tomcat.TomcatWebServer ?[0;39m ?[2m:?[0;39m Tomcat started on port(s): 64546 (http) with context path ''
?[2m2022-11-24 18:38:55.050?[0;39m ?[32m INFO?[0;39m ?[35m60390?[0;39m ?[2m---?[0;39m ?[2m[    Test worker]?[0;39m ?[36mgroup.loacon.web.WebRestControllerTest  ?[0;39m ?[2m:?[0;39m Started WebRestControllerTest in 3.603 seconds (JVM running for 5.275)
?[2m2022-11-24 18:38:55.724?[0;39m ?[32m INFO?[0;39m ?[35m60390?[0;39m ?[2m---?[0;39m ?[2m[o-auto-1-exec-1]?[0;39m ?[36mo.a.c.c.C.[Tomcat].[localhost].[/]      ?[0;39m ?[2m:?[0;39m Initializing Spring DispatcherServlet 'dispatcherServlet'
?[2m2022-11-24 18:38:55.725?[0;39m ?[32m INFO?[0;39m ?[35m60390?[0;39m ?[2m---?[0;39m ?[2m[o-auto-1-exec-1]?[0;39m ?[36mo.s.web.servlet.DispatcherServlet       ?[0;39m ?[2m:?[0;39m Initializing Servlet 'dispatcherServlet'
?[2m2022-11-24 18:38:55.735?[0;39m ?[32m INFO?[0;39m ?[35m60390?[0;39m ?[2m---?[0;39m ?[2m[o-auto-1-exec-1]?[0;39m ?[36mo.s.web.servlet.DispatcherServlet       ?[0;39m ?[2m:?[0;39m Completed initialization in 10 ms
]]></system-out>
  <system-err><![CDATA[]]></system-err>
</testsuite>
